> Task :tck-build-logic:extractPluginRequests UP-TO-DATE
> Task :tck-build-logic:generatePluginAdapters UP-TO-DATE
> Task :tck-build-logic:compileJava UP-TO-DATE
> Task :tck-build-logic:compileGroovy UP-TO-DATE
> Task :tck-build-logic:compileGroovyPlugins UP-TO-DATE
> Task :tck-build-logic:pluginDescriptors UP-TO-DATE
> Task :tck-build-logic:processResources UP-TO-DATE
> Task :tck-build-logic:classes UP-TO-DATE
> Task :tck-build-logic:jar UP-TO-DATE

> Configure project :
GraalVM Reachability Metadata TCK
---------------------------------

> Task :discoverArtifactMetadata
Skipping io.opentelemetry.instrumentation:opentelemetry-jdbc:2.28.1-alpha because discovered metadata already exists at /home/vjovanov/c/forge/forge1/graalvm-reachability-metadata/forge/local_repositories/forge_worktrees/8526-d81c3c6c/build/discovered-artifact-metadata/io.opentelemetry.instrumentation-opentelemetry-jdbc-2.28.1-alpha.json.

[Incubating] Problems report is available at: file:///home/vjovanov/c/forge/forge1/graalvm-reachability-metadata/forge/local_repositories/forge_worktrees/8526-d81c3c6c/build/reports/problems/problems-report.html

Deprecated Gradle features were used in this build, making it incompatible with Gradle 10.

You can use '--warning-mode all' to show the individual deprecation warnings and determine if they come from your own scripts or plugins.

For more on this, please refer to https://docs.gradle.org/9.1.0/userguide/command_line_interface.html#sec:command_line_warnings in the Gradle documentation.

BUILD SUCCESSFUL in 1s
9 actionable tasks: 1 executed, 8 up-to-date
