
Welcome to Gradle 9.1.0!

Here are the highlights of this release:
 - Full Java 25 support
 - Native task graph visualization
 - Enhanced console output

For more details see https://docs.gradle.org/9.1.0/release-notes.html

Starting a Gradle Daemon (subsequent builds will be faster)
> Task :tck-build-logic:extractPluginRequests
> Task :tck-build-logic:generatePluginAdapters
> Task :tck-build-logic:compileJava FAILED

FAILURE: Build failed with an exception.

* What went wrong:
Execution failed for task ':tck-build-logic:compileJava'.
> Could not resolve all files for configuration ':tck-build-logic:compileClasspath'.
   > Failed to create Jar file /tmp/metadata-forge-gradle/4f15cce084c86b64/caches/9.1.0/generated-gradle-jars/gradle-api-9.1.0.jar.

* Try:
> Run with --stacktrace option to get the stack trace.
> Run with --info or --debug option to get more log output.
> Run with --scan to generate a Build Scan (Powered by Develocity).
> Get more help at https://help.gradle.org.

BUILD FAILED in 6s
3 actionable tasks: 3 executed
