> Task :tck-build-logic:extractPluginRequests FROM-CACHE
> Task :tck-build-logic:generatePluginAdapters FROM-CACHE
> Task :tck-build-logic:compileJava FROM-CACHE
> Task :tck-build-logic:compileGroovy FROM-CACHE
> Task :tck-build-logic:compileGroovyPlugins FROM-CACHE
> Task :tck-build-logic:pluginDescriptors
> Task :tck-build-logic:processResources
> Task :tck-build-logic:classes
> Task :tck-build-logic:jar

> Configure project :
GraalVM Reachability Metadata TCK
---------------------------------

> Task :populateArtifactURLs
No matching coordinates found for filter 'org.thymeleaf:thymeleaf:3.1.5.RELEASE'.

[Incubating] Problems report is available at: file:///home/vjovanov/c/forge/forge3/graalvm-reachability-metadata/forge/local_repositories/forge_worktrees/2094-436b2930/build/reports/problems/problems-report.html

Deprecated Gradle features were used in this build, making it incompatible with Gradle 10.

You can use '--warning-mode all' to show the individual deprecation warnings and determine if they come from your own scripts or plugins.

For more on this, please refer to https://docs.gradle.org/9.1.0/userguide/command_line_interface.html#sec:command_line_warnings in the Gradle documentation.

BUILD SUCCESSFUL in 1s
9 actionable tasks: 4 executed, 5 from cache
