Downloading https://services.gradle.org/distributions/gradle-9.1.0-bin.zip
............10%.............20%.............30%.............40%.............50%............60%.............70%.............80%.............90%.............100%

Welcome to Gradle 9.1.0!

Here are the highlights of this release:
 - Full Java 25 support
 - Native task graph visualization
 - Enhanced console output

For more details see https://docs.gradle.org/9.1.0/release-notes.html

Starting a Gradle Daemon (subsequent builds will be faster)
> Task :tck-build-logic:extractPluginRequests
> Task :tck-build-logic:generatePluginAdapters

> Task :tck-build-logic:compileJava
Note: Some input files use or override a deprecated API.
Note: Recompile with -Xlint:deprecation for details.

> Task :tck-build-logic:compileGroovy
Note: /home/vjovanov/c/forge/forge3/graalvm-reachability-metadata/forge/local_repositories/forge_worktrees/5926-29d48adb/tests/tck-build-logic/src/main/groovy/org/graalvm/internal/tck/harness/tasks/CheckMetadataFilesAllTask.java uses or overrides a deprecated API.
Note: Recompile with -Xlint:deprecation for details.
Note: /home/vjovanov/c/forge/forge3/graalvm-reachability-metadata/forge/local_repositories/forge_worktrees/5926-29d48adb/tests/tck-build-logic/src/main/groovy/org/graalvm/internal/tck/harness/tasks/GenerateDependencyGraphTask.java uses unchecked or unsafe operations.
Note: Recompile with -Xlint:unchecked for details.

> Task :tck-build-logic:compileGroovyPlugins
> Task :tck-build-logic:pluginDescriptors
> Task :tck-build-logic:processResources
> Task :tck-build-logic:classes
> Task :tck-build-logic:jar

> Configure project :
GraalVM Reachability Metadata TCK
---------------------------------

> Task :populateArtifactURLs
No matching coordinates found for filter 'org.apache.tomcat.embed:tomcat-embed-core:11.0.18'.

[Incubating] Problems report is available at: file:///home/vjovanov/c/forge/forge3/graalvm-reachability-metadata/forge/local_repositories/forge_worktrees/5926-29d48adb/build/reports/problems/problems-report.html

Deprecated Gradle features were used in this build, making it incompatible with Gradle 10.

You can use '--warning-mode all' to show the individual deprecation warnings and determine if they come from your own scripts or plugins.

For more on this, please refer to https://docs.gradle.org/9.1.0/userguide/command_line_interface.html#sec:command_line_warnings in the Gradle documentation.

BUILD SUCCESSFUL in 1m 20s
9 actionable tasks: 9 executed
