================================================================================
Timestamp: 2026-06-22T23:35:54.595235+00:00
Session: ../../../../../.pi/agent/sessions/--root-graalvm-reachability-metadata-forge-local_repositories-forge_worktrees-8536-4aea0690--/2026-06-22T23-35-54-458Z_019ef1b0-c558-7534-b236-debcce96c0e1.jsonl
Persistent instructions: not configured
Event Trace:
[send] prompt
  You are preparing a Forge workflow for a library issue. Decide whether the library needs setup beyond the normal generated test scaffold before meaningful coverage is reachable.
  
  Research the library yourself to make this decision. Investigate the resolved artifact and its dependencies, how the library is normally used, and its documentation. The JSON context below is only a starting point, not the limit of what you may consider. Do not modify the repository or apply any setup yourself — return only the decision. Local Gradle and Native Image verification remain authoritative.
  
  The setup can be one of three things: an extra Maven dependency, a Docker image the tests need, or an environment/system property the generated tests must set. Represent dependencies and Docker images as `deterministic_setup` entries the driver can apply before generation:
    - {"kind": "dependency", "coordinate": "group:artifact:version", "scope": "testImplementation", "reason": "..."}
    - {"kind": "docker_image", "image": "name:tag", "slug": "short-slug", "reason": "..."}
  Put environment variables, system properties, and other test-code setup in `agent_guidance`. Do not restate deterministic entries as guidance.
  
  Return a single JSON object with this shape:
  {
    "action": "no_action" | "advisory_preparation",
    "summary": "short reason",
    "deterministic_setup": [ ... dependency or docker_image entries, if any ... ],
    "agent_guidance": "environment/system property/test setup guidance, if any",
    "risks": ["risk notes, if any"]
  }
  
  Choose no_action unless your research finds concrete evidence that extra setup is needed.
  
  Context (starting point):
  {
    "issue": {
      "number": 8536,
      "title": "Support for io.opentelemetry.instrumentation:opentelemetry-log4j-context-data-2.17-autoconfigure:2.28.1-alpha",
      "label": "library-new-request",
      "body": "_This issue was created by automation._",
      "body_error": ""
    },
    "library": "io.opentelemetry.instrumentation:opentelemetry-log4j-context-data-2.17-autoconfigure:2.28.1-alpha",
    "current_library": null,
    "new_version": null,
    "existing_tests": {}
  }
[recv] prompt success
[recv] {"type": "agent_start"}
[recv] {"type": "turn_start"}
[recv] {"type": "message_start", "message": {"role": "user", "content": [{"type": "text", "text": "You are preparing a Forge workflow for a library issue. Decide whether the library needs setup beyond the normal generated test scaffold before meaningful coverage is reachable.\n\nResearch the library yourself to make this decision. Investigate the resolved artifact and its dependencies, how the library is normally used, and its documentation. The JSON context below is only a starting point, not the limit of what you may consider. Do not modify the repository or apply any setup yourself — return only the decision. Local Gradle and Native Image verification remain authoritative.\n\nThe setup can be one of three things: an extra Maven dependency, a Docker image the tests need, or an environment/system property the generated tests must set. Represent dependencies and Docker images as `deterministic_setup` entries the driver can apply before generation:\n  - {\"kind\": \"dependency\", \"coordinate\": \"group:artifact:version\", \"scope\": \"testImplementation\", \"reason\": \"...\"}\n  - {\"kind\": \"docker_image\", \"image\": \"name:tag\", \"slug\": \"short-slug\", \"reason\": \"...\"}\nPut environment variables, system properties, and other test-code setup in `agent_guidance`. Do not restate deterministic entries as guidance.\n\nReturn a single JSON object with this shape:\n{\n  \"action\": \"no_action\" | \"advisory_preparation\",\n  \"summary\": \"short reason\",\n  \"deterministic_setup\": [ ... dependency or docker_image entries, if any ... ],\n  \"agent_guidance\": \"environment/system property/test setup guidance, if any\",\n  \"risks\": [\"risk notes, if any\"]\n}\n\nChoose no_action unless your research finds concrete evidence that extra setup is needed.\n\nContext (starting point):\n{\n  \"issue\": {\n    \"number\": 8536,\n    \"title\": \"Support for io.opentelemetry.instrumentation:opentelemetry-log4j-context-data-2.17-autoconfigure:2.28.1-alpha\",\n    \"label\": \"library-new-request\",\n    \"body\": \"_This issue was created by automation._\",\n    \"body_error\": \"\"\n  },\n  \"library\": \"io.opentelemetry.instrumentation:opentelemetry-log4j-context-data-2.17-autoconfigure:2.28.1-alpha\",\n  \"current_library\": null,\n  \"new_version\": null,\n  \"existing_tests\": {}\n}"}], "timestamp": 1782171354560}}
[recv] {"type": "message_end", "message": {"role": "user", "content": [{"type": "text", "text": "You are preparing a Forge workflow for a library issue. Decide whether the library needs setup beyond the normal generated test scaffold before meaningful coverage is reachable.\n\nResearch the library yourself to make this decision. Investigate the resolved artifact and its dependencies, how the library is normally used, and its documentation. The JSON context below is only a starting point, not the limit of what you may consider. Do not modify the repository or apply any setup yourself — return only the decision. Local Gradle and Native Image verification remain authoritative.\n\nThe setup can be one of three things: an extra Maven dependency, a Docker image the tests need, or an environment/system property the generated tests must set. Represent dependencies and Docker images as `deterministic_setup` entries the driver can apply before generation:\n  - {\"kind\": \"dependency\", \"coordinate\": \"group:artifact:version\", \"scope\": \"testImplementation\", \"reason\": \"...\"}\n  - {\"kind\": \"docker_image\", \"image\": \"name:tag\", \"slug\": \"short-slug\", \"reason\": \"...\"}\nPut environment variables, system properties, and other test-code setup in `agent_guidance`. Do not restate deterministic entries as guidance.\n\nReturn a single JSON object with this shape:\n{\n  \"action\": \"no_action\" | \"advisory_preparation\",\n  \"summary\": \"short reason\",\n  \"deterministic_setup\": [ ... dependency or docker_image entries, if any ... ],\n  \"agent_guidance\": \"environment/system property/test setup guidance, if any\",\n  \"risks\": [\"risk notes, if any\"]\n}\n\nChoose no_action unless your research finds concrete evidence that extra setup is needed.\n\nContext (starting point):\n{\n  \"issue\": {\n    \"number\": 8536,\n    \"title\": \"Support for io.opentelemetry.instrumentation:opentelemetry-log4j-context-data-2.17-autoconfigure:2.28.1-alpha\",\n    \"label\": \"library-new-request\",\n    \"body\": \"_This issue was created by automation._\",\n    \"body_error\": \"\"\n  },\n  \"library\": \"io.opentelemetry.instrumentation:opentelemetry-log4j-context-data-2.17-autoconfigure:2.28.1-alpha\",\n  \"current_library\": null,\n  \"new_version\": null,\n  \"existing_tests\": {}\n}"}], "timestamp": 1782171354560}}
[recv] agent_end
[send] get_state
[recv] get_state success
  sessionFile: ../../.pi/agent/sessions/--root-graalvm-reachability-metadata-forge-local_repositories-forge_worktrees-8536-4aea0690--/2026-06-22T23-35-54-458Z_019ef1b0-c558-7534-b236-debcce96c0e1.jsonl
  sessionId: 019ef1b0-c558-7534-b236-debcce96c0e1
[send] get_session_stats
[recv] get_session_stats success
  tokens: input=0 output=0 cacheRead=0 cacheWrite=0 total=0

